06-26-2016 @ 09:56:26 - Queuing 2.6.0 - wc_update_260_options
06-26-2016 @ 09:56:26 - Queuing 2.6.0 - wc_update_260_termmeta
06-26-2016 @ 09:56:26 - Queuing 2.6.0 - wc_update_260_zones
06-26-2016 @ 09:56:26 - Queuing 2.6.0 - wc_update_260_zone_methods
06-26-2016 @ 09:56:26 - Queuing 2.6.0 - wc_update_260_refunds
06-26-2016 @ 09:56:26 - Queuing 2.6.0 - wc_update_260_db_version
06-26-2016 @ 09:56:31 - Queuing 2.6.0 - wc_update_260_options
06-26-2016 @ 09:56:31 - Queuing 2.6.0 - wc_update_260_termmeta
06-26-2016 @ 09:56:31 - Queuing 2.6.0 - wc_update_260_zones
06-26-2016 @ 09:56:31 - Queuing 2.6.0 - wc_update_260_zone_methods
06-26-2016 @ 09:56:31 - Queuing 2.6.0 - wc_update_260_refunds
06-26-2016 @ 09:56:31 - Queuing 2.6.0 - wc_update_260_db_version
06-26-2016 @ 09:56:37 - Running wc_update_260_options callback
06-26-2016 @ 09:56:37 - Finished wc_update_260_options callback
06-26-2016 @ 09:56:37 - Running wc_update_260_termmeta callback
06-26-2016 @ 09:56:37 - Finished wc_update_260_termmeta callback
06-26-2016 @ 09:56:37 - Running wc_update_260_zones callback
06-26-2016 @ 09:56:37 - Finished wc_update_260_zones callback
06-26-2016 @ 09:56:37 - Running wc_update_260_zone_methods callback
06-26-2016 @ 09:56:37 - Finished wc_update_260_zone_methods callback
06-26-2016 @ 09:56:37 - Running wc_update_260_refunds callback
06-26-2016 @ 09:56:37 - Finished wc_update_260_refunds callback
06-26-2016 @ 09:56:37 - Running wc_update_260_db_version callback
06-26-2016 @ 09:56:37 - Finished wc_update_260_db_version callback
06-26-2016 @ 09:56:37 - Running wc_update_260_options callback
06-26-2016 @ 09:56:37 - Finished wc_update_260_options callback
06-26-2016 @ 09:56:37 - Running wc_update_260_termmeta callback
06-26-2016 @ 09:56:37 - Finished wc_update_260_termmeta callback
06-26-2016 @ 09:56:37 - Running wc_update_260_zones callback
06-26-2016 @ 09:56:37 - Finished wc_update_260_zones callback
06-26-2016 @ 09:56:37 - Running wc_update_260_zone_methods callback
06-26-2016 @ 09:56:37 - Finished wc_update_260_zone_methods callback
06-26-2016 @ 09:56:37 - Running wc_update_260_refunds callback
06-26-2016 @ 09:56:37 - Finished wc_update_260_refunds callback
06-26-2016 @ 09:56:37 - Running wc_update_260_db_version callback
06-26-2016 @ 09:56:37 - Finished wc_update_260_db_version callback
06-26-2016 @ 09:56:37 - Data update complete
